0 info it worked if it ends with ok
1 verbose cli [ '/Users/derek/.nvm/versions/node/v6.2.0/bin/node',
1 verbose cli   '/Users/derek/.nvm/versions/node/v6.2.0/bin/npm',
1 verbose cli   'start' ]
2 info using npm@3.8.9
3 info using node@v6.2.0
4 verbose run-script [ 'prestart', 'start', 'poststart' ]
5 info lifecycle Maze@0.0.1~prestart: Maze@0.0.1
6 silly lifecycle Maze@0.0.1~prestart: no script for prestart, continuing
7 info lifecycle Maze@0.0.1~start: Maze@0.0.1
8 verbose lifecycle Maze@0.0.1~start: unsafe-perm in lifecycle true
9 verbose lifecycle Maze@0.0.1~start: PATH: /Users/derek/.nvm/versions/node/v6.2.0/lib/node_modules/npm/bin/node-gyp-bin:/Users/derek/code/personal/Maze-Game/node_modules/.bin:/Users/derek/.nvm/versions/node/v6.2.0/bin:/Users/derek/Envs/statsboard/bin:/Users/derek/.nvm/versions/node/v6.2.0/bin:/usr/local/bin:/usr/local/bin:/usr/bin:/bin:/usr/sbin:/sbin:/Users/derek/some_install_path/arcanist/bin:/Users/derek/some_install_path/arcanist/bin:/usr/local/bin:/usr/local/sbin:/Users/derek/bin
10 verbose lifecycle Maze@0.0.1~start: CWD: /Users/derek/code/personal/Maze-Game
11 silly lifecycle Maze@0.0.1~start: Args: [ '-c', 'node ./bin/www' ]
12 silly lifecycle Maze@0.0.1~start: Returned: code: 1  signal: null
13 info lifecycle Maze@0.0.1~start: Failed to exec start script
14 verbose stack Error: Maze@0.0.1 start: `node ./bin/www`
14 verbose stack Exit status 1
14 verbose stack     at EventEmitter.<anonymous> (/Users/derek/.nvm/versions/node/v6.2.0/lib/node_modules/npm/lib/utils/lifecycle.js:245:16)
14 verbose stack     at emitTwo (events.js:106:13)
14 verbose stack     at EventEmitter.emit (events.js:191:7)
14 verbose stack     at ChildProcess.<anonymous> (/Users/derek/.nvm/versions/node/v6.2.0/lib/node_modules/npm/lib/utils/spawn.js:24:14)
14 verbose stack     at emitTwo (events.js:106:13)
14 verbose stack     at ChildProcess.emit (events.js:191:7)
14 verbose stack     at maybeClose (internal/child_process.js:850:16)
14 verbose stack     at Process.ChildProcess._handle.onexit (internal/child_process.js:215:5)
15 verbose pkgid Maze@0.0.1
16 verbose cwd /Users/derek/code/personal/Maze-Game
17 error Darwin 15.5.0
18 error argv "/Users/derek/.nvm/versions/node/v6.2.0/bin/node" "/Users/derek/.nvm/versions/node/v6.2.0/bin/npm" "start"
19 error node v6.2.0
20 error npm  v3.8.9
21 error code ELIFECYCLE
22 error Maze@0.0.1 start: `node ./bin/www`
22 error Exit status 1
23 error Failed at the Maze@0.0.1 start script 'node ./bin/www'.
23 error Make sure you have the latest version of node.js and npm installed.
23 error If you do, this is most likely a problem with the Maze package,
23 error not with npm itself.
23 error Tell the author that this fails on your system:
23 error     node ./bin/www
23 error You can get information on how to open an issue for this project with:
23 error     npm bugs Maze
23 error Or if that isn't available, you can get their info via:
23 error     npm owner ls Maze
23 error There is likely additional logging output above.
24 verbose exit [ 1, true ]
